<?xml version="1.0" encoding="UTF-8"?>
<!-- Generated by org.testng.reporters.JUnitReportReporter -->
<testsuite hostname="LHTU05CG7503D2N" name="Final_Assignment.Question3" tests="1" failures="0" timestamp="17 May 2019 11:18:03 GMT" time="0.031" errors="0">
  <testcase name="test" time="0.031" classname="Final_Assignment.Question3"/>
</testsuite> <!-- Final_Assignment.Question3 -->
