<?xml version="1.0" encoding="UTF-8"?>
<!-- Generated by org.testng.reporters.JUnitReportReporter -->
<testsuite hostname="LHTU05CG7503D2N" name="Final_Assignment.Question2" tests="2" failures="0" timestamp="17 May 2019 14:02:50 GMT" time="0.019" errors="0">
  <testcase name="PassingTest" time="0.003" classname="Final_Assignment.Question2"/>
  <testcase name="FailingTest" time="0.016" classname="Final_Assignment.Question2"/>
</testsuite> <!-- Final_Assignment.Question2 -->
